2020-01-06 02:03:49,826 - root - INFO - Команды для чат бота:
/start - ознакомиться с возможностями бота;
/resp - наши проекты и ответственные за них;
/help - помощь;
/tasks - текущие задачи;
/info - о нас;

Данный чатбот также умеет отображать погоду. Для это следует в начале сообщения указать "@bot_name" и далее сделать запрос погоды, например "погода в москве"
2020-01-06 02:03:56,169 - telegram.ext.dispatcher - ERROR - No error handlers are registered, logging exception.
Traceback (most recent call last):
  File "C:\Users\bogda\PycharmProjects\lessons\venv\lib\site-packages\telegram\ext\dispatcher.py", line 372, in process_update
    handler.handle_update(update, self, check, context)
  File "C:\Users\bogda\PycharmProjects\lessons\venv\lib\site-packages\telegram\ext\handler.py", line 117, in handle_update
    return self.callback(update, context)
  File "C:/Users/bogda/OneDrive/Документы/GitHub/chat_bot/stec_st_bot.py", line 104, in talk_to_me
    request = apiai.ApiAI(str(DF_TOKEN)).text_request()  # Токен для авторизации в Dialogflow
NameError: name 'apiai' is not defined
2020-01-06 02:07:40,920 - telegram.ext.dispatcher - ERROR - No error handlers are registered, logging exception.
Traceback (most recent call last):
  File "C:\Users\bogda\PycharmProjects\lessons\venv\lib\site-packages\telegram\ext\dispatcher.py", line 372, in process_update
    handler.handle_update(update, self, check, context)
  File "C:\Users\bogda\PycharmProjects\lessons\venv\lib\site-packages\telegram\ext\handler.py", line 117, in handle_update
    return self.callback(update, context)
  File "C:/Users/bogda/OneDrive/Документы/GitHub/chat_bot/stec_st_bot.py", line 104, in talk_to_me
    request = apiai.ApiAI(str(DF_TOKEN)).text_request()  # Токен для авторизации в Dialogflow
NameError: name 'apiai' is not defined
2020-01-06 02:08:55,029 - telegram.ext.dispatcher - ERROR - No error handlers are registered, logging exception.
Traceback (most recent call last):
  File "C:\Users\bogda\PycharmProjects\lessons\venv\lib\site-packages\telegram\ext\dispatcher.py", line 372, in process_update
    handler.handle_update(update, self, check, context)
  File "C:\Users\bogda\PycharmProjects\lessons\venv\lib\site-packages\telegram\ext\handler.py", line 117, in handle_update
    return self.callback(update, context)
  File "C:/Users/bogda/OneDrive/Документы/GitHub/chat_bot/stec_st_bot.py", line 102, in talk_to_me
    request = apiai.ApiAI(str(DF_TOKEN)).text_request()  # Токен для авторизации в Dialogflow
NameError: name 'apiai' is not defined
2020-01-06 02:11:20,000 - telegram.ext.dispatcher - ERROR - No error handlers are registered, logging exception.
Traceback (most recent call last):
  File "C:\Users\bogda\PycharmProjects\lessons\venv\lib\site-packages\telegram\ext\dispatcher.py", line 372, in process_update
    handler.handle_update(update, self, check, context)
  File "C:\Users\bogda\PycharmProjects\lessons\venv\lib\site-packages\telegram\ext\handler.py", line 117, in handle_update
    return self.callback(update, context)
  File "C:/Users/bogda/OneDrive/Документы/GitHub/chat_bot/stec_st_bot.py", line 102, in talk_to_me
    request = apiai.ApiAI(str(DF_TOKEN)).text_request()  # Токен для авторизации в Dialogflow
NameError: name 'apiai' is not defined
2020-01-06 02:13:37,932 - telegram.ext.dispatcher - ERROR - No error handlers are registered, logging exception.
Traceback (most recent call last):
  File "C:\Users\bogda\PycharmProjects\lessons\venv\lib\site-packages\telegram\ext\dispatcher.py", line 372, in process_update
    handler.handle_update(update, self, check, context)
  File "C:\Users\bogda\PycharmProjects\lessons\venv\lib\site-packages\telegram\ext\handler.py", line 117, in handle_update
    return self.callback(update, context)
  File "C:/Users/bogda/OneDrive/Документы/GitHub/chat_bot/stec_st_bot.py", line 109, in talk_to_me
    responseJson = json.loads(request.getresponse().read().decode('utf-8'))
NameError: name 'json' is not defined
2020-01-06 02:13:57,475 - root - INFO - Команды для чат бота:
/start - ознакомиться с возможностями бота;
/resp - наши проекты и ответственные за них;
/help - помощь;
/tasks - текущие задачи;
/info - о нас;

Данный чатбот также умеет отображать погоду. Для это следует в начале сообщения указать "@bot_name" и далее сделать запрос погоды, например "погода в москве"
